app/build/outputs/mapping/release/seeds.txt
org.dika.funnative.ui.home.HomeFragment: HomeFragment()
org.dika.funnative.MainActivity: MainActivity()
org.dika.funnative.ForgotPasswordActivity: ForgotPasswordActivity()
org.dika.funnative.Login
org.dika.funnative.MainActivity
org.dika.funnative.ui.home.HomeFragment
org.dika.funnative.Register
org.dika.funnative.Register: Register()
org.dika.funnative.Login: Login()
org.dika.funnative.ForgotPasswordActivity
...
androidx.appcompat.widget.ActionBarOverlayLayout: java.lang.CharSequence getTitle()
androidx.fragment.R$id: int dialog_button
com.google.android.material.floatingactionbutton.FloatingActionButton: int getCustomSize()
com.google.android.material.R$style: int Base_Widget_AppCompat_PopupMenu
com.google.android.material.R$style: int Widget_MaterialComponents_ActionBar_Solid
androidx.appcompat.R$style: int Base_Widget_AppCompat_ActionButton
androidx.transition.R$id: int transition_transform
androidx.recyclerview.widget.RecyclerView: android.view.animation.Interpolator sQuinticInterpolator
com.google.android.material.R$id: int month_navigation_previous
androidx.appcompat.R$styleable: int SwitchCompat_switchPadding
com.google.android.material.R$id: int submit_area
com.google.android.material.R$style: int Animation_AppCompat_Dialog
androidx.fragment.R$id: int accessibility_custom_action_21
com.google.android.material.R$style: int Widget_MaterialComponents_Snackbar
androidx.appcompat.R$styleable: int ActionMode_backgroundSplit
androidx.constraintlayout.widget.ConstraintLayout: int getMinWidth()
com.google.android.material.R$attr: int spinnerDropDownItemStyle
androidx.appcompat.widget.ActionBarContextView: int getAnimatedVisibility()
androidx.appcompat.R$layout: int support_simple_spinner_dropdown_item
androidx.cardview.widget.CardView: float getMaxCardElevation()
androidx.appcompat.R$attr: int tooltipFrameBackground
com.google.android.material.chip.ChipGroup: void setDividerDrawableVertical(android.graphics.drawable.Drawable)
com.google.android.material.R$color: int mtrl_tabs_colored_ripple_color
com.google.android.material.R$styleable: int NavigationView_itemShapeInsetStart
androidx.appcompat.R$styleable: int GradientColor_android_centerColor
com.google.android.material.R$drawable: int abc_ic_star_half_black_48dp
androidx.appcompat.R$styleable: int AppCompatTheme_seekBarStyle
com.google.android.material.R$style: int Animation_AppCompat_Tooltip
com.pnikosis.materialishprogress.R$styleable: int MenuView_android_itemBackground
com.google.android.material.R$string: int mtrl_picker_text_input_date_hint
com.google.android.material.R$style: int Platform_MaterialComponents_Light_Dialog
com.google.android.material.R$styleable: int TabItem_android_icon
androidx.appcompat.R$id: int forever
androidx.recyclerview.R$dimen: int compat_button_padding_horizontal_material
androidx.appcompat.resources.R$styleable: int FontFamilyFont_android_ttcIndex
androidx.appcompat.R$attr: int spinBars
com.google.android.material.textfield.TextInputLayout: void setPasswordVisibilityToggleContentDescription(int)
com.google.android.material.R$styleable: int TabLayout_tabIconTintMode
com.google.android.material.R$dimen: int mtrl_snackbar_background_corner_radius
com.google.android.gms.internal.measurement.zzbs$zzd: long zze
com.google.android.material.R$styleable: int[] GradientColor
androidx.appcompat.widget.SearchView: void setOnQueryTextFocusChangeListener(android.view.View$OnFocusChangeListener)
cn.pedant.SweetAlert.R$color: int main_disabled_stroke_color
com.pnikosis.materialishprogress.ProgressWheel: int getRimWidth()
androidx.appcompat.R$id: int tag_transition_group
androidx.navigation.common.R$styleable: int NavDeepLink_uri
com.google.android.material.R$attr: int fabCradleRoundedCornerRadius
com.google.android.gms.internal.measurement.zzbs$zze: java.lang.String zzd
com.google.android.material.appbar.AppBarLayout: void setTargetElevation(float)
androidx.constraintlayout.widget.ConstraintLayout
com.google.android.gms.base.R$drawable: int common_google_signin_btn_text_light_normal
com.google.android.material.R$dimen: int mtrl_extended_fab_disabled_elevation
androidx.appcompat.R$styleable: int AppCompatTheme_actionBarStyle
androidx.appcompat.R$styleable: int AppCompatTheme_imageButtonStyle
androidx.appcompat.R$styleable: int Toolbar_subtitleTextColor
androidx.lifecycle.ProcessLifecycleOwner$3$1: void onActivityPostStarted(android.app.Activity)