app/build/outputs/mapping/release/usage.txt
org.dika.funnative.R$interpolator
org.dika.funnative.R$integer
org.dika.funnative.R$anim
org.dika.funnative.R$attr
org.dika.funnative.R$navigation
org.dika.funnative.BuildConfig
org.dika.funnative.R$bool
org.dika.funnative.R$string
org.dika.funnative.R$animator
org.dika.funnative.R$plurals
org.dika.funnative.R$layout
org.dika.funnative.R$color
org.dika.funnative.R$menu
org.dika.funnative.R$drawable
org.dika.funnative.R
org.dika.funnative.R$styleable
org.dika.funnative.R$style
org.dika.funnative.R$id
org.dika.funnative.ui.home.HomeViewModel
org.dika.funnative.R$dimen
org.dika.funnative.R$mipmap
org.dika.funnative.R$xml
org.dika.funnative.MainActivity$1:
    public final synthetic org.dika.funnative.MainActivity this$0
org.dika.funnative.Register:
    public static void setWindowFlag(android.app.Activity,int,boolean)
org.dika.funnative.Register$4$1$2:
    public final synthetic org.dika.funnative.Register$4$1 this$2
org.dika.funnative.Login$4$1:
    public void onSuccess(com.google.firebase.auth.GetTokenResult)
org.dika.funnative.Login:
    public static void setWindowFlag(android.app.Activity,int,boolean)
org.dika.funnative.ForgotPasswordActivity:
    public void setWindowFlag(android.app.Activity,int,boolean)
org.dika.funnative.ui.home.HomeFragment$1:
    public void onSuccess(com.google.firebase.auth.GetTokenResult)
org.dika.funnative.Login$5$1$1$1:
    public void onSuccess(com.google.firebase.auth.GetTokenResult)
...
androidx.appcompat.widget.AlertDialogLayout:
    public void <init>(android.content.Context)
androidx.media.MediaSessionManagerImplBase
com.google.firebase.auth.api.internal.zzay
androidx.core.view.ViewCompat$FocusDirection
com.google.android.material.internal.CollapsingTextHelper$2
com.google.android.material.math.MathUtils:
    private void <init>()
    public static boolean geq(float,float,float)
    public static final float DEFAULT_EPSILON
com.google.firebase.database.connection.package-info
com.google.firebase.database.connection.PersistentConnectionImpl:
    public com.google.android.gms.tasks.Task get(java.util.List,java.util.Map)
    public void shutdown()
    public void purgeOutstandingWrites()
    public void onDisconnectPut(java.util.List,java.lang.Object,com.google.firebase.database.connection.RequestResultCallback)
    public void onDisconnectMerge(java.util.List,java.util.Map,com.google.firebase.database.connection.RequestResultCallback)
    public void onDisconnectCancel(java.util.List,com.google.firebase.database.connection.RequestResultCallback)
    public void refreshAuthToken()
    public void injectConnectionFailure()
    private static final java.lang.String REQUEST_ERROR
    private static final java.lang.String REQUEST_QUERIES
    private static final java.lang.String REQUEST_TAG
    private static final java.lang.String REQUEST_STATUS
    private static final java.lang.String REQUEST_PATH
    private static final java.lang.String REQUEST_NUMBER
    private static final java.lang.String REQUEST_PAYLOAD
    private static final java.lang.String REQUEST_COUNTERS
    private static final java.lang.String REQUEST_DATA_PAYLOAD
    private static final java.lang.String REQUEST_DATA_HASH
    private static final java.lang.String REQUEST_COMPOUND_HASH
    private static final java.lang.String REQUEST_COMPOUND_HASH_PATHS
    private static final java.lang.String REQUEST_COMPOUND_HASH_HASHES
    private static final java.lang.String REQUEST_CREDENTIAL
com.google.android.gms.internal.firebase_auth.zzfy:
    public final com.google.android.gms.internal.firebase_auth.zzfy zza(java.lang.String)
    public final com.google.android.gms.internal.firebase_auth.zzfy zzb(boolean)
    public final com.google.android.gms.internal.firebase_auth.zzfy zzc(boolean)
    public final synthetic com.google.android.gms.internal.firebase_auth.zzjp zza()
androidx.appcompat.view.menu.CascadingMenuPopup$HorizPosition
androidx.activity.ComponentActivity:
    public void <init>(int)
    public java.lang.Object getLastCustomNonConfigurationInstance()
    public androidx.lifecycle.ViewModelProvider$Factory getDefaultViewModelProviderFactory()
    private androidx.lifecycle.ViewModelProvider$Factory mDefaultFactory
com.google.android.material.datepicker.DateFormatTextWatcher
androidx.annotation.StyleableRes